# JRE version: Java(TM) SE Runtime Environment (8.0_121-b13) (build 1.8.0_121-b13)
# Java VM: Java HotSpot(TM) 64-Bit Server VM (25.121-b13 mixed mode windows-amd64 compressed oops)
Heap:
 PSYoungGen      total 445440K, used 307793K [0x00000000e0000000, 0x00000000ffb00000, 0x0000000100000000)
  eden space 374784K, 79% used [0x00000000e0000000,0x00000000f21f9848,0x00000000f6e00000)
  from space 70656K, 15% used [0x00000000fb600000,0x00000000fc09adb0,0x00000000ffb00000)
  to   space 72192K, 0% used [0x00000000f6e00000,0x00000000f6e00000,0x00000000fb480000)
 ParOldGen       total 278528K, used 87908K [0x00000000a0000000, 0x00000000b1000000, 0x00000000e0000000)
  object space 278528K, 31% used [0x00000000a0000000,0x00000000a55d9108,0x00000000b1000000)
 Metaspace       used 77502K, capacity 83866K, committed 87640K, reserved 1126400K
  class space    used 9993K, capacity 10936K, committed 11392K, reserved 1048576K
GC Heap History (10 events):
Event: 2547.356 GC heap before
{Heap before GC invocations=71 (full 8):
 PSYoungGen      total 451584K, used 390443K [0x00000000e0000000, 0x0000000100000000, 0x0000000100000000)
  eden space 378368K, 100% used [0x00000000e0000000,0x00000000f7180000,0x00000000f7180000)
  from space 73216K, 16% used [0x00000000fb880000,0x00000000fc44adb8,0x0000000100000000)
  to   space 72704K, 0% used [0x00000000f7180000,0x00000000f7180000,0x00000000fb880000)
 ParOldGen       total 264192K, used 151576K [0x00000000a0000000, 0x00000000b0200000, 0x00000000e0000000)
  object space 264192K, 57% used [0x00000000a0000000,0x00000000a94062d0,0x00000000b0200000)
 Metaspace       used 79139K, capacity 85516K, committed 87256K, reserved 1126400K
  class space    used 10176K, capacity 11101K, committed 11264K, reserved 1048576K
Event: 2547.387 GC heap after
Heap after GC invocations=71 (full 8):
 PSYoungGen      total 379904K, used 15383K [0x00000000e0000000, 0x00000000fef80000, 0x0000000100000000)
  eden space 364032K, 0% used [0x00000000e0000000,0x00000000e0000000,0x00000000f6380000)
  from space 15872K, 96% used [0x00000000f7180000,0x00000000f8085d20,0x00000000f8100000)
  to   space 71680K, 0% used [0x00000000fa980000,0x00000000fa980000,0x00000000fef80000)
 ParOldGen       total 264192K, used 153279K [0x00000000a0000000, 0x00000000b0200000, 0x00000000e0000000)
  object space 264192K, 58% used [0x00000000a0000000,0x00000000a95afd50,0x00000000b0200000)
 Metaspace       used 79139K, capacity 85516K, committed 87256K, reserved 1126400K
  class space    used 10176K, capacity 11101K, committed 11264K, reserved 1048576K
}
Event: 2552.112 GC heap before
{Heap before GC invocations=72 (full 8):
 PSYoungGen      total 379904K, used 379415K [0x00000000e0000000, 0x00000000fef80000, 0x0000000100000000)
  eden space 364032K, 100% used [0x00000000e0000000,0x00000000f6380000,0x00000000f6380000)
  from space 15872K, 96% used [0x00000000f7180000,0x00000000f8085d20,0x00000000f8100000)
  to   space 71680K, 0% used [0x00000000fa980000,0x00000000fa980000,0x00000000fef80000)
 ParOldGen       total 264192K, used 153279K [0x00000000a0000000, 0x00000000b0200000, 0x00000000e0000000)
  object space 264192K, 58% used [0x00000000a0000000,0x00000000a95afd50,0x00000000b0200000)
 Metaspace       used 80850K, capacity 87280K, committed 87384K, reserved 1126400K
  class space    used 10354K, capacity 11305K, committed 11392K, reserved 1048576K
Event: 2552.215 GC heap after
Heap after GC invocations=72 (full 8):
 PSYoungGen      total 430592K, used 54882K [0x00000000e0000000, 0x0000000100000000, 0x0000000100000000)
  eden space 358912K, 0% used [0x00000000e0000000,0x00000000e0000000,0x00000000f5e80000)
  from space 71680K, 76% used [0x00000000fa980000,0x00000000fdf18808,0x00000000fef80000)
  to   space 76800K, 0% used [0x00000000f5e80000,0x00000000f5e80000,0x00000000fa980000)
 ParOldGen       total 264192K, used 166692K [0x00000000a0000000, 0x00000000b0200000, 0x00000000e0000000)
  object space 264192K, 63% used [0x00000000a0000000,0x00000000aa2c93b0,0x00000000b0200000)
 Metaspace       used 80850K, capacity 87280K, committed 87384K, reserved 1126400K
  class space    used 10354K, capacity 11305K, committed 11392K, reserved 1048576K
}
Event: 2557.696 GC heap before
{Heap before GC invocations=73 (full 8):
 PSYoungGen      total 430592K, used 413794K [0x00000000e0000000, 0x0000000100000000, 0x0000000100000000)
  eden space 358912K, 100% used [0x00000000e0000000,0x00000000f5e80000,0x00000000f5e80000)
  from space 71680K, 76% used [0x00000000fa980000,0x00000000fdf18808,0x00000000fef80000)
  to   space 76800K, 0% used [0x00000000f5e80000,0x00000000f5e80000,0x00000000fa980000)
 ParOldGen       total 264192K, used 166692K [0x00000000a0000000, 0x00000000b0200000, 0x00000000e0000000)
  object space 264192K, 63% used [0x00000000a0000000,0x00000000aa2c93b0,0x00000000b0200000)
 Metaspace       used 80925K, capacity 87344K, committed 87640K, reserved 1126400K
  class space    used 10361K, capacity 11305K, committed 11392K, reserved 1048576K
Event: 2557.795 GC heap after
Heap after GC invocations=73 (full 8):
 PSYoungGen      total 435712K, used 30454K [0x00000000e0000000, 0x00000000ffd00000, 0x0000000100000000)
  eden space 358912K, 0% used [0x00000000e0000000,0x00000000e0000000,0x00000000f5e80000)
  from space 76800K, 39% used [0x00000000f5e80000,0x00000000f7c3da50,0x00000000fa980000)
  to   space 72704K, 0% used [0x00000000fb600000,0x00000000fb600000,0x00000000ffd00000)
 ParOldGen       total 264192K, used 216956K [0x00000000a0000000, 0x00000000b0200000, 0x00000000e0000000)
  object space 264192K, 82% used [0x00000000a0000000,0x00000000ad3df2a0,0x00000000b0200000)
 Metaspace       used 80925K, capacity 87344K, committed 87640K, reserved 1126400K
  class space    used 10361K, capacity 11305K, committed 11392K, reserved 1048576K
}
Event: 2557.795 GC heap before
{Heap before GC invocations=74 (full 9):
 PSYoungGen      total 435712K, used 30454K [0x00000000e0000000, 0x00000000ffd00000, 0x0000000100000000)
  eden space 358912K, 0% used [0x00000000e0000000,0x00000000e0000000,0x00000000f5e80000)
  from space 76800K, 39% used [0x00000000f5e80000,0x00000000f7c3da50,0x00000000fa980000)
  to   space 72704K, 0% used [0x00000000fb600000,0x00000000fb600000,0x00000000ffd00000)
 ParOldGen       total 264192K, used 216956K [0x00000000a0000000, 0x00000000b0200000, 0x00000000e0000000)
  object space 264192K, 82% used [0x00000000a0000000,0x00000000ad3df2a0,0x00000000b0200000)
 Metaspace       used 80925K, capacity 87344K, committed 87640K, reserved 1126400K
  class space    used 10361K, capacity 11305K, committed 11392K, reserved 1048576K
Event: 2558.088 GC heap after
Heap after GC invocations=74 (full 9):
 PSYoungGen      total 435712K, used 0K [0x00000000e0000000, 0x00000000ffd00000, 0x0000000100000000)
  eden space 358912K, 0% used [0x00000000e0000000,0x00000000e0000000,0x00000000f5e80000)
  from space 76800K, 0% used [0x00000000f5e80000,0x00000000f5e80000,0x00000000fa980000)
  to   space 72704K, 0% used [0x00000000fb600000,0x00000000fb600000,0x00000000ffd00000)
 ParOldGen       total 278528K, used 87900K [0x00000000a0000000, 0x00000000b1000000, 0x00000000e0000000)
  object space 278528K, 31% used [0x00000000a0000000,0x00000000a55d7108,0x00000000b1000000)
 Metaspace       used 75716K, capacity 81982K, committed 87640K, reserved 1126400K
  class space    used 9805K, capacity 10692K, committed 11392K, reserved 1048576K
}
Event: 5804.686 GC heap before
{Heap before GC invocations=75 (full 9):
 PSYoungGen      total 435712K, used 358912K [0x00000000e0000000, 0x00000000ffd00000, 0x0000000100000000)
  eden space 358912K, 100% used [0x00000000e0000000,0x00000000f5e80000,0x00000000f5e80000)
  from space 76800K, 0% used [0x00000000f5e80000,0x00000000f5e80000,0x00000000fa980000)
  to   space 72704K, 0% used [0x00000000fb600000,0x00000000fb600000,0x00000000ffd00000)
 ParOldGen       total 278528K, used 87900K [0x00000000a0000000, 0x00000000b1000000, 0x00000000e0000000)
  object space 278528K, 31% used [0x00000000a0000000,0x00000000a55d7108,0x00000000b1000000)
 Metaspace       used 75832K, capacity 82166K, committed 87640K, reserved 1126400K
  class space    used 9815K, capacity 10732K, committed 11392K, reserved 1048576K
Event: 5804.752 GC heap after
Heap after GC invocations=75 (full 9):
 PSYoungGen      total 445440K, used 10859K [0x00000000e0000000, 0x00000000ffb00000, 0x0000000100000000)
  eden space 374784K, 0% used [0x00000000e0000000,0x00000000e0000000,0x00000000f6e00000)
  from space 70656K, 15% used [0x00000000fb600000,0x00000000fc09adb0,0x00000000ffb00000)
  to   space 72192K, 0% used [0x00000000f6e00000,0x00000000f6e00000,0x00000000fb480000)
 ParOldGen       total 278528K, used 87908K [0x00000000a0000000, 0x00000000b1000000, 0x00000000e0000000)
  object space 278528K, 31% used [0x00000000a0000000,0x00000000a55d9108,0x00000000b1000000)
 Metaspace       used 75832K, capacity 82166K, committed 87640K, reserved 1126400K
  class space    used 9815K, capacity 10732K, committed 11392K, reserved 1048576K
}

